<?xml version="1.0" encoding="UTF-8"?>
<!-- Generated by org.testng.reporters.JUnitXMLReporter -->
<testsuite ignored="0" hostname="DESKTOP-ACHINTYA" failures="0" tests="3" name="Default test" time="20.102" errors="0" timestamp="2023-01-24T19:45:53 IST">
  <testcase classname="testCases.TestCase1" name="baseTestSetup" time="7.308"/>
  <testcase classname="testCases.TestCase1" name="baseTestSetup" time="5.73"/>
  <testcase classname="testCases.TestCase1" name="baseTestSetup" time="5.972"/>
</testsuite> <!-- Default test -->
