<?xml version="1.0" encoding="UTF-8"?>
<testng-results ignored="0" total="3" passed="3" failed="0" skipped="0">
  <reporter-output>
  </reporter-output>
  <suite started-at="2023-01-24T19:45:33 IST" name="Default suite" finished-at="2023-01-24T19:45:53 IST" duration-ms="20102">
    <groups>
    </groups>
    <test started-at="2023-01-24T19:45:33 IST" name="Default test" finished-at="2023-01-24T19:45:53 IST" duration-ms="20102">
      <class name="testCases.TestCase1">
        <test-method signature="baseTestSetup(java.lang.String, java.lang.String, int)[pri:0, instance:testCases.TestCase1@2e005c4b]" started-at="2023-01-24T19:45:34 IST" name="baseTestSetup" data-provider="searchProvider" finished-at="2023-01-24T19:45:41 IST" duration-ms="7308" status="PASS">
          <params>
            <param index="0">
              <value>
                <![CDATA[mercury]]>
              </value>
            </param>
            <param index="1">
              <value>
                <![CDATA[mercury]]>
              </value>
            </param>
            <param index="2">
              <value>
                <![CDATA[1]]>
              </value>
            </param>
          </params>
          <reporter-output>
          </reporter-output>
        </test-method> <!-- baseTestSetup -->
        <test-method signature="baseTestSetup(java.lang.String, java.lang.String, int)[pri:0, instance:testCases.TestCase1@2e005c4b]" started-at="2023-01-24T19:45:41 IST" name="baseTestSetup" data-provider="searchProvider" finished-at="2023-01-24T19:45:47 IST" duration-ms="5730" status="PASS">
          <params>
            <param index="0">
              <value>
                <![CDATA[admin]]>
              </value>
            </param>
            <param index="1">
              <value>
                <![CDATA[admin1234]]>
              </value>
            </param>
            <param index="2">
              <value>
                <![CDATA[2]]>
              </value>
            </param>
          </params>
          <reporter-output>
          </reporter-output>
        </test-method> <!-- baseTestSetup -->
        <test-method signature="baseTestSetup(java.lang.String, java.lang.String, int)[pri:0, instance:testCases.TestCase1@2e005c4b]" started-at="2023-01-24T19:45:47 IST" name="baseTestSetup" data-provider="searchProvider" finished-at="2023-01-24T19:45:53 IST" duration-ms="5972" status="PASS">
          <params>
            <param index="0">
              <value>
                <![CDATA[test]]>
              </value>
            </param>
            <param index="1">
              <value>
                <![CDATA[test123]]>
              </value>
            </param>
            <param index="2">
              <value>
                <![CDATA[3]]>
              </value>
            </param>
          </params>
          <reporter-output>
          </reporter-output>
        </test-method> <!-- baseTestSetup -->
      </class> <!-- testCases.TestCase1 -->
    </test> <!-- Default test -->
  </suite> <!-- Default suite -->
</testng-results>
